AIG   i/o = 256/129   gates = 1020   level = 255
ntk   i/o = 256/129   gates = 515   level = 129
反相器个数为382
[time]:  1.00 seconds
ntk   i/o = 256/129   gates = 390   level = 129
反相器个数为263
[time]:  0.84 seconds
ntk   i/o = 256/129   gates = 390   level = 129
反相器个数为263
[time]:  0.79 seconds
ntk   i/o = 256/129   gates = 390   level = 129
反相器个数为263
[time]:  0.78 seconds
ntk   i/o = 256/129   gates = 390   level = 129
反相器个数为263
[time]:  0.80 seconds
[rm3iginv]  num_inv_origin: 263 num_opt_inv: 128
[time]:  0.08 seconds
[rm3iginv]  num_inv_origin: 128 num_opt_inv: 128
[time]:  0.05 seconds
[rm3iginv]  num_inv_origin: 128 num_opt_inv: 128
[time]:  0.05 seconds
[i] Gates             = 390
[i] Num RM3s          = 390
[i] Inverters         = 128
[i] Depth (def.)      = 129
[i] Depth mixed       = 130
[i] Depth mixed (RM3) = 129
[i] Depth mixed (INV) = 1
优化完成。输入文件路径：/home/ym/also/benchmark/adder.aig，输出文件路径：/home/ym/also/paper1/adder.v，处理时间：4.499782000 秒
AIG   i/o = 135/128   gates = 3336   level = 12
ntk   i/o = 135/128   gates = 3142   level = 12
反相器个数为858
[time]:  1.57 seconds
ntk   i/o = 135/128   gates = 3012   level = 12
反相器个数为948
[time]:  1.14 seconds
ntk   i/o = 135/128   gates = 3012   level = 12
反相器个数为940
[time]:  1.09 seconds
ntk   i/o = 135/128   gates = 3012   level = 12
反相器个数为940
[time]:  1.09 seconds
ntk   i/o = 135/128   gates = 3012   level = 12
反相器个数为940
[time]:  1.14 seconds
[rm3iginv]  num_inv_origin: 940 num_opt_inv: 130
[time]:  0.49 seconds
[rm3iginv]  num_inv_origin: 126 num_opt_inv: 126
[time]:  0.48 seconds
[rm3iginv]  num_inv_origin: 126 num_opt_inv: 126
[time]:  0.48 seconds
[i] Gates             = 3012
[i] Num RM3s          = 3012
[i] Inverters         = 126
[i] Depth (def.)      = 12
[i] Depth mixed       = 15
[i] Depth mixed (RM3) = 12
[i] Depth mixed (INV) = 3
优化完成。输入文件路径：/home/ym/also/benchmark/bar.aig，输出文件路径：/home/ym/also/paper1/bar.v，处理时间：7.571468500 秒
AIG   i/o = 128/128   gates = 57247   level = 4372
ntk   i/o = 128/128   gates = 53310   level = 2300
反相器个数为12777
[time]: 17.14 seconds
ntk   i/o = 128/128   gates = 37538   level = 2300
反相器个数为8771
[time]:  8.37 seconds
ntk   i/o = 128/128   gates = 37152   level = 2300
反相器个数为12844
[time]:  4.36 seconds
ntk   i/o = 128/128   gates = 37152   level = 2300
反相器个数为12866
[time]:  4.58 seconds
ntk   i/o = 128/128   gates = 37152   level = 2300
反相器个数为12932
[time]:  4.41 seconds
[rm3iginv]  num_inv_origin: 12932 num_opt_inv: 1350
[time]:  7.60 seconds
[rm3iginv]  num_inv_origin: 1301 num_opt_inv: 1301
[time]:  7.81 seconds
[rm3iginv]  num_inv_origin: 1301 num_opt_inv: 1301
[time]:  7.72 seconds
[i] Gates             = 37152
[i] Num RM3s          = 37152
[i] Inverters         = 1301
[i] Depth (def.)      = 2300
[i] Depth mixed       = 2301
[i] Depth mixed (RM3) = 2300
[i] Depth mixed (INV) = 1
优化完成。输入文件路径：/home/ym/also/benchmark/div.aig，输出文件路径：/home/ym/also/paper1/div.v，处理时间：62.521824200 秒
AIG   i/o = 256/128   gates = 214335   level = 24801
ntk   i/o = 256/128   gates = 150298   level = 9013
反相器个数为30281
[time]: 80.90 seconds
ntk   i/o = 256/128   gates = 145291   level = 9012
反相器个数为60143
[time]: 16.48 seconds
ntk   i/o = 256/128   gates = 145142   level = 9012
反相器个数为59519
[time]: 15.38 seconds
ntk   i/o = 256/128   gates = 145123   level = 9012
反相器个数为59372
[time]: 15.26 seconds
ntk   i/o = 256/128   gates = 145123   level = 9012
反相器个数为59734
[time]: 15.14 seconds
[rm3iginv]  num_inv_origin: 59734 num_opt_inv: 18005
[time]: 38.24 seconds
[rm3iginv]  num_inv_origin: 17712 num_opt_inv: 17712
[time]: 38.17 seconds
[rm3iginv]  num_inv_origin: 17712 num_opt_inv: 17712
[time]: 36.18 seconds
[i] Gates             = 145123
[i] Num RM3s          = 145123
[i] Inverters         = 17712
[i] Depth (def.)      = 9012
[i] Depth mixed       = 10379
[i] Depth mixed (RM3) = 8970
[i] Depth mixed (INV) = 1409
优化完成。输入文件路径：/home/ym/also/benchmark/hyp.aig，输出文件路径：/home/ym/also/paper1/hyp.v，处理时间：257.601335300 秒
AIG   i/o = 32/32   gates = 32060   level = 444
ntk   i/o = 32/32   gates = 25788   level = 215
反相器个数为4301
[time]: 12.77 seconds
ntk   i/o = 32/32   gates = 25253   level = 215
反相器个数为8427
[time]:  4.45 seconds
ntk   i/o = 32/32   gates = 25246   level = 215
反相器个数为8410
[time]:  4.21 seconds
ntk   i/o = 32/32   gates = 25246   level = 215
反相器个数为8292
[time]:  4.16 seconds
ntk   i/o = 32/32   gates = 25246   level = 215
反相器个数为8347
[time]:  4.17 seconds
[rm3iginv]  num_inv_origin: 8347 num_opt_inv: 2378
[time]:  2.32 seconds
[rm3iginv]  num_inv_origin: 2344 num_opt_inv: 2344
[time]:  2.31 seconds
[rm3iginv]  num_inv_origin: 2344 num_opt_inv: 2344
[time]:  2.27 seconds
[i] Gates             = 25246
[i] Num RM3s          = 25246
[i] Inverters         = 2344
[i] Depth (def.)      = 215
[i] Depth mixed       = 238
[i] Depth mixed (RM3) = 215
[i] Depth mixed (INV) = 23
优化完成。输入文件路径：/home/ym/also/benchmark/log2.aig，输出文件路径：/home/ym/also/paper1/log2.v，处理时间：36.999476500 秒
AIG   i/o = 512/130   gates = 2865   level = 287
ntk   i/o = 512/130   gates = 2413   level = 182
反相器个数为1274
[time]:  1.46 seconds
ntk   i/o = 512/130   gates = 2272   level = 165
反相器个数为1212
[time]:  1.09 seconds
ntk   i/o = 512/130   gates = 2268   level = 162
反相器个数为1223
[time]:  1.05 seconds
ntk   i/o = 512/130   gates = 2265   level = 162
反相器个数为1230
[time]:  1.04 seconds
ntk   i/o = 512/130   gates = 2265   level = 162
反相器个数为1226
[time]:  1.06 seconds
[rm3iginv]  num_inv_origin: 1226 num_opt_inv: 21
[time]:  0.34 seconds
[rm3iginv]  num_inv_origin: 9 num_opt_inv: 9
[time]:  0.35 seconds
[rm3iginv]  num_inv_origin: 9 num_opt_inv: 9
[time]:  0.35 seconds
[i] Gates             = 2265
[i] Num RM3s          = 2265
[i] Inverters         = 9
[i] Depth (def.)      = 162
[i] Depth mixed       = 165
[i] Depth mixed (RM3) = 162
[i] Depth mixed (INV) = 3
优化完成。输入文件路径：/home/ym/also/benchmark/max.aig，输出文件路径：/home/ym/also/paper1/max.v，处理时间：6.830083100 秒
AIG   i/o = 128/128   gates = 27062   level = 274
ntk   i/o = 128/128   gates = 20202   level = 135
反相器个数为5155
[time]: 10.07 seconds
ntk   i/o = 128/128   gates = 19579   level = 135
反相器个数为7598
[time]:  2.70 seconds
ntk   i/o = 128/128   gates = 19574   level = 135
反相器个数为6672
[time]:  2.56 seconds
ntk   i/o = 128/128   gates = 19574   level = 135
反相器个数为7817
[time]:  2.52 seconds
ntk   i/o = 128/128   gates = 19574   level = 135
反相器个数为6682
[time]:  2.53 seconds
[rm3iginv]  num_inv_origin: 6682 num_opt_inv: 1330
[time]:  3.14 seconds
[rm3iginv]  num_inv_origin: 1306 num_opt_inv: 1306
[time]:  3.14 seconds
[rm3iginv]  num_inv_origin: 1306 num_opt_inv: 1306
[time]:  3.17 seconds
[i] Gates             = 19574
[i] Num RM3s          = 19574
[i] Inverters         = 1306
[i] Depth (def.)      = 135
[i] Depth mixed       = 148
[i] Depth mixed (RM3) = 134
[i] Depth mixed (INV) = 14
优化完成。输入文件路径：/home/ym/also/benchmark/multiplier.aig，输出文件路径：/home/ym/also/paper1/multiplier.v，处理时间：30.119131700 秒
AIG   i/o = 24/25   gates = 5416   level = 225
ntk   i/o = 24/25   gates = 4552   level = 133
反相器个数为1127
[time]:  2.66 seconds
ntk   i/o = 24/25   gates = 4394   level = 131
反相器个数为1529
[time]:  1.36 seconds
ntk   i/o = 24/25   gates = 4377   level = 131
反相器个数为1578
[time]:  1.30 seconds
ntk   i/o = 24/25   gates = 4382   level = 130
反相器个数为1569
[time]:  1.31 seconds
ntk   i/o = 24/25   gates = 4382   level = 130
反相器个数为1583
[time]:  1.31 seconds
[rm3iginv]  num_inv_origin: 1583 num_opt_inv: 287
[time]:  0.29 seconds
[rm3iginv]  num_inv_origin: 274 num_opt_inv: 274
[time]:  0.29 seconds
[rm3iginv]  num_inv_origin: 274 num_opt_inv: 274
[time]:  0.29 seconds
[i] Gates             = 4382
[i] Num RM3s          = 4382
[i] Inverters         = 274
[i] Depth (def.)      = 130
[i] Depth mixed       = 141
[i] Depth mixed (RM3) = 130
[i] Depth mixed (INV) = 11
优化完成。输入文件路径：/home/ym/also/benchmark/sin.aig，输出文件路径：/home/ym/also/paper1/sin.v，处理时间：8.913994500 秒
AIG   i/o = 128/64   gates = 24618   level = 5058
ntk   i/o = 128/64   gates = 23144   level = 4033
反相器个数为6558
[time]:  7.10 seconds
ntk   i/o = 128/64   gates = 23091   level = 4032
反相器个数为8366
[time]:  3.57 seconds
ntk   i/o = 128/64   gates = 23084   level = 4030
反相器个数为9373
[time]:  3.29 seconds
ntk   i/o = 128/64   gates = 23080   level = 4029
反相器个数为9397
[time]:  3.26 seconds
ntk   i/o = 128/64   gates = 23075   level = 4028
反相器个数为9289
[time]:  3.29 seconds
[rm3iginv]  num_inv_origin: 9289 num_opt_inv: 1886
[time]:  2.79 seconds
[rm3iginv]  num_inv_origin: 1787 num_opt_inv: 1787
[time]:  2.74 seconds
[rm3iginv]  num_inv_origin: 1787 num_opt_inv: 1787
[time]:  2.71 seconds
[i] Gates             = 23075
[i] Num RM3s          = 23075
[i] Inverters         = 1787
[i] Depth (def.)      = 4028
[i] Depth mixed       = 4268
[i] Depth mixed (RM3) = 4020
[i] Depth mixed (INV) = 248
优化完成。输入文件路径：/home/ym/also/benchmark/sqrt.aig，输出文件路径：/home/ym/also/paper1/sqrt.v，处理时间：29.054691200 秒
AIG   i/o = 64/128   gates = 18484   level = 250
ntk   i/o = 64/128   gates = 13578   level = 127
反相器个数为3966
[time]:  6.79 seconds
ntk   i/o = 64/128   gates = 12962   level = 127
反相器个数为4890
[time]:  1.89 seconds
ntk   i/o = 64/128   gates = 12920   level = 127
反相器个数为4991
[time]:  1.89 seconds
ntk   i/o = 64/128   gates = 12914   level = 127
反相器个数为5056
[time]:  1.81 seconds
ntk   i/o = 64/128   gates = 12914   level = 127
反相器个数为5037
[time]:  1.83 seconds
[rm3iginv]  num_inv_origin: 5037 num_opt_inv: 1506
[time]:  2.10 seconds
[rm3iginv]  num_inv_origin: 1505 num_opt_inv: 1505
[time]:  2.04 seconds
[rm3iginv]  num_inv_origin: 1505 num_opt_inv: 1505
[time]:  2.09 seconds
[i] Gates             = 12914
[i] Num RM3s          = 12914
[i] Inverters         = 1505
[i] Depth (def.)      = 127
[i] Depth mixed       = 193
[i] Depth mixed (RM3) = 127
[i] Depth mixed (INV) = 66
优化完成。输入文件路径：/home/ym/also/benchmark/square.aig，输出文件路径：/home/ym/also/paper1/square.v，处理时间：20.636423900 秒
