Performing C++ SOURCE FILE Test HAS_FCOLOR_DIAGNOSTICS failed with the following output:
Change Dir: /home/hexiang/also/build/CMakeFiles/CMakeTmp

Run Build Command:"/usr/bin/make" "cmTC_4e254/fast"
/usr/bin/make -f CMakeFiles/cmTC_4e254.dir/build.make CMakeFiles/cmTC_4e254.dir/build
make[1]: Entering directory '/home/hexiang/also/build/CMakeFiles/CMakeTmp'
Building CXX object CMakeFiles/cmTC_4e254.dir/src.cxx.o
/usr/local/bin/c++    -DHAS_FCOLOR_DIAGNOSTICS   -fcolor-diagnostics -std=gnu++17 -o CMakeFiles/cmTC_4e254.dir/src.cxx.o -c /home/hexiang/also/build/CMakeFiles/CMakeTmp/src.cxx
c++: error: unrecognized command line option '-fcolor-diagnostics'
CMakeFiles/cmTC_4e254.dir/build.make:65: recipe for target 'CMakeFiles/cmTC_4e254.dir/src.cxx.o' failed
make[1]: *** [CMakeFiles/cmTC_4e254.dir/src.cxx.o] Error 1
make[1]: Leaving directory '/home/hexiang/also/build/CMakeFiles/CMakeTmp'
Makefile:121: recipe for target 'cmTC_4e254/fast' failed
make: *** [cmTC_4e254/fast] Error 2

Source file was:
int main() { return 0; }
Performing C++ SOURCE FILE Test HAS_WNO_gnu-anonymous-struct failed with the following output:
Change Dir: /home/hexiang/also/build/CMakeFiles/CMakeTmp

Run Build Command:"/usr/bin/make" "cmTC_3da02/fast"
/usr/bin/make -f CMakeFiles/cmTC_3da02.dir/build.make CMakeFiles/cmTC_3da02.dir/build
make[1]: Entering directory '/home/hexiang/also/build/CMakeFiles/CMakeTmp'
Building CXX object CMakeFiles/cmTC_3da02.dir/src.cxx.o
/usr/local/bin/c++    -DHAS_WNO_gnu-anonymous-struct   -Wno-gnu-anonymous-struct -std=gnu++17 -o CMakeFiles/cmTC_3da02.dir/src.cxx.o -c /home/hexiang/also/build/CMakeFiles/CMakeTmp/src.cxx
<command-line>: warning: ISO C++11 requires whitespace after the macro name
cc1plus: warning: unrecognized command line option '-Wno-gnu-anonymous-struct'
Linking CXX executable cmTC_3da02
/opt/cmake-3.12.2/bin/cmake -E cmake_link_script CMakeFiles/cmTC_3da02.dir/link.txt --verbose=1
/usr/local/bin/c++   -DHAS_WNO_gnu-anonymous-struct    CMakeFiles/cmTC_3da02.dir/src.cxx.o  -o cmTC_3da02 
make[1]: Leaving directory '/home/hexiang/also/build/CMakeFiles/CMakeTmp'

Source file was:
int main() { return 0; }
Performing C++ SOURCE FILE Test HAS_WNO_nested-anon-types failed with the following output:
Change Dir: /home/hexiang/also/build/CMakeFiles/CMakeTmp

Run Build Command:"/usr/bin/make" "cmTC_1adb5/fast"
/usr/bin/make -f CMakeFiles/cmTC_1adb5.dir/build.make CMakeFiles/cmTC_1adb5.dir/build
make[1]: Entering directory '/home/hexiang/also/build/CMakeFiles/CMakeTmp'
Building CXX object CMakeFiles/cmTC_1adb5.dir/src.cxx.o
/usr/local/bin/c++    -DHAS_WNO_nested-anon-types   -Wno-nested-anon-types -std=gnu++17 -o CMakeFiles/cmTC_1adb5.dir/src.cxx.o -c /home/hexiang/also/build/CMakeFiles/CMakeTmp/src.cxx
<command-line>: warning: ISO C++11 requires whitespace after the macro name
cc1plus: warning: unrecognized command line option '-Wno-nested-anon-types'
Linking CXX executable cmTC_1adb5
/opt/cmake-3.12.2/bin/cmake -E cmake_link_script CMakeFiles/cmTC_1adb5.dir/link.txt --verbose=1
/usr/local/bin/c++   -DHAS_WNO_nested-anon-types    CMakeFiles/cmTC_1adb5.dir/src.cxx.o  -o cmTC_1adb5 
make[1]: Leaving directory '/home/hexiang/also/build/CMakeFiles/CMakeTmp'

Source file was:
int main() { return 0; }
Performing C++ SOURCE FILE Test HAS_WNO_unused-lambda-capture failed with the following output:
Change Dir: /home/hexiang/also/build/CMakeFiles/CMakeTmp

Run Build Command:"/usr/bin/make" "cmTC_f032a/fast"
/usr/bin/make -f CMakeFiles/cmTC_f032a.dir/build.make CMakeFiles/cmTC_f032a.dir/build
make[1]: Entering directory '/home/hexiang/also/build/CMakeFiles/CMakeTmp'
Building CXX object CMakeFiles/cmTC_f032a.dir/src.cxx.o
/usr/local/bin/c++    -DHAS_WNO_unused-lambda-capture   -Wno-unused-lambda-capture -std=gnu++17 -o CMakeFiles/cmTC_f032a.dir/src.cxx.o -c /home/hexiang/also/build/CMakeFiles/CMakeTmp/src.cxx
<command-line>: warning: ISO C++11 requires whitespace after the macro name
cc1plus: warning: unrecognized command line option '-Wno-unused-lambda-capture'
Linking CXX executable cmTC_f032a
/opt/cmake-3.12.2/bin/cmake -E cmake_link_script CMakeFiles/cmTC_f032a.dir/link.txt --verbose=1
/usr/local/bin/c++   -DHAS_WNO_unused-lambda-capture    CMakeFiles/cmTC_f032a.dir/src.cxx.o  -o cmTC_f032a 
make[1]: Leaving directory '/home/hexiang/also/build/CMakeFiles/CMakeTmp'

Source file was:
int main() { return 0; }
Performing C++ SOURCE FILE Test HAS_WNO_unused-private-field failed with the following output:
Change Dir: /home/hexiang/also/build/CMakeFiles/CMakeTmp

Run Build Command:"/usr/bin/make" "cmTC_75987/fast"
/usr/bin/make -f CMakeFiles/cmTC_75987.dir/build.make CMakeFiles/cmTC_75987.dir/build
make[1]: Entering directory '/home/hexiang/also/build/CMakeFiles/CMakeTmp'
Building CXX object CMakeFiles/cmTC_75987.dir/src.cxx.o
/usr/local/bin/c++    -DHAS_WNO_unused-private-field   -Wno-unused-private-field -std=gnu++17 -o CMakeFiles/cmTC_75987.dir/src.cxx.o -c /home/hexiang/also/build/CMakeFiles/CMakeTmp/src.cxx
<command-line>: warning: ISO C++11 requires whitespace after the macro name
cc1plus: warning: unrecognized command line option '-Wno-unused-private-field'
Linking CXX executable cmTC_75987
/opt/cmake-3.12.2/bin/cmake -E cmake_link_script CMakeFiles/cmTC_75987.dir/link.txt --verbose=1
/usr/local/bin/c++   -DHAS_WNO_unused-private-field    CMakeFiles/cmTC_75987.dir/src.cxx.o  -o cmTC_75987 
make[1]: Leaving directory '/home/hexiang/also/build/CMakeFiles/CMakeTmp'

Source file was:
int main() { return 0; }
Performing C++ SOURCE FILE Test HAS_WNO_inconsistent-missing-override failed with the following output:
Change Dir: /home/hexiang/also/build/CMakeFiles/CMakeTmp

Run Build Command:"/usr/bin/make" "cmTC_81a82/fast"
/usr/bin/make -f CMakeFiles/cmTC_81a82.dir/build.make CMakeFiles/cmTC_81a82.dir/build
make[1]: Entering directory '/home/hexiang/also/build/CMakeFiles/CMakeTmp'
Building CXX object CMakeFiles/cmTC_81a82.dir/src.cxx.o
/usr/local/bin/c++    -DHAS_WNO_inconsistent-missing-override   -Wno-inconsistent-missing-override -std=gnu++17 -o CMakeFiles/cmTC_81a82.dir/src.cxx.o -c /home/hexiang/also/build/CMakeFiles/CMakeTmp/src.cxx
<command-line>: warning: ISO C++11 requires whitespace after the macro name
cc1plus: warning: unrecognized command line option '-Wno-inconsistent-missing-override'
Linking CXX executable cmTC_81a82
/opt/cmake-3.12.2/bin/cmake -E cmake_link_script CMakeFiles/cmTC_81a82.dir/link.txt --verbose=1
/usr/local/bin/c++   -DHAS_WNO_inconsistent-missing-override    CMakeFiles/cmTC_81a82.dir/src.cxx.o  -o cmTC_81a82 
make[1]: Leaving directory '/home/hexiang/also/build/CMakeFiles/CMakeTmp'

Source file was:
int main() { return 0; }
Performing C++ SOURCE FILE Test HAS_WNO_range-loop-analysis failed with the following output:
Change Dir: /home/hexiang/also/build/CMakeFiles/CMakeTmp

Run Build Command:"/usr/bin/make" "cmTC_4541d/fast"
/usr/bin/make -f CMakeFiles/cmTC_4541d.dir/build.make CMakeFiles/cmTC_4541d.dir/build
make[1]: Entering directory '/home/hexiang/also/build/CMakeFiles/CMakeTmp'
Building CXX object CMakeFiles/cmTC_4541d.dir/src.cxx.o
/usr/local/bin/c++    -DHAS_WNO_range-loop-analysis   -Wno-range-loop-analysis -std=gnu++17 -o CMakeFiles/cmTC_4541d.dir/src.cxx.o -c /home/hexiang/also/build/CMakeFiles/CMakeTmp/src.cxx
<command-line>: warning: ISO C++11 requires whitespace after the macro name
cc1plus: warning: unrecognized command line option '-Wno-range-loop-analysis'
Linking CXX executable cmTC_4541d
/opt/cmake-3.12.2/bin/cmake -E cmake_link_script CMakeFiles/cmTC_4541d.dir/link.txt --verbose=1
/usr/local/bin/c++   -DHAS_WNO_range-loop-analysis    CMakeFiles/cmTC_4541d.dir/src.cxx.o  -o cmTC_4541d 
make[1]: Leaving directory '/home/hexiang/also/build/CMakeFiles/CMakeTmp'

Source file was:
int main() { return 0; }
Performing C++ SOURCE FILE Test HAS_WNO_tautological-overlap-compare failed with the following output:
Change Dir: /home/hexiang/also/build/CMakeFiles/CMakeTmp

Run Build Command:"/usr/bin/make" "cmTC_3c0f3/fast"
/usr/bin/make -f CMakeFiles/cmTC_3c0f3.dir/build.make CMakeFiles/cmTC_3c0f3.dir/build
make[1]: Entering directory '/home/hexiang/also/build/CMakeFiles/CMakeTmp'
Building CXX object CMakeFiles/cmTC_3c0f3.dir/src.cxx.o
/usr/local/bin/c++    -DHAS_WNO_tautological-overlap-compare   -Wno-tautological-overlap-compare -std=gnu++17 -o CMakeFiles/cmTC_3c0f3.dir/src.cxx.o -c /home/hexiang/also/build/CMakeFiles/CMakeTmp/src.cxx
<command-line>: warning: ISO C++11 requires whitespace after the macro name
cc1plus: warning: unrecognized command line option '-Wno-tautological-overlap-compare'
Linking CXX executable cmTC_3c0f3
/opt/cmake-3.12.2/bin/cmake -E cmake_link_script CMakeFiles/cmTC_3c0f3.dir/link.txt --verbose=1
/usr/local/bin/c++   -DHAS_WNO_tautological-overlap-compare    CMakeFiles/cmTC_3c0f3.dir/src.cxx.o  -o cmTC_3c0f3 
make[1]: Leaving directory '/home/hexiang/also/build/CMakeFiles/CMakeTmp'

Source file was:
int main() { return 0; }
Performing C++ SOURCE FILE Test HAS_WNO_macro-redefined failed with the following output:
Change Dir: /home/hexiang/also/build/CMakeFiles/CMakeTmp

Run Build Command:"/usr/bin/make" "cmTC_8ff3d/fast"
/usr/bin/make -f CMakeFiles/cmTC_8ff3d.dir/build.make CMakeFiles/cmTC_8ff3d.dir/build
make[1]: Entering directory '/home/hexiang/also/build/CMakeFiles/CMakeTmp'
Building CXX object CMakeFiles/cmTC_8ff3d.dir/src.cxx.o
/usr/local/bin/c++    -DHAS_WNO_macro-redefined   -Wno-macro-redefined -std=gnu++17 -o CMakeFiles/cmTC_8ff3d.dir/src.cxx.o -c /home/hexiang/also/build/CMakeFiles/CMakeTmp/src.cxx
<command-line>: warning: ISO C++11 requires whitespace after the macro name
cc1plus: warning: unrecognized command line option '-Wno-macro-redefined'
Linking CXX executable cmTC_8ff3d
/opt/cmake-3.12.2/bin/cmake -E cmake_link_script CMakeFiles/cmTC_8ff3d.dir/link.txt --verbose=1
/usr/local/bin/c++   -DHAS_WNO_macro-redefined    CMakeFiles/cmTC_8ff3d.dir/src.cxx.o  -o cmTC_8ff3d 
make[1]: Leaving directory '/home/hexiang/also/build/CMakeFiles/CMakeTmp'

Source file was:
int main() { return 0; }
Determining if the pthread_create exist failed with the following output:
Change Dir: /home/hexiang/also/build/CMakeFiles/CMakeTmp

Run Build Command:"/usr/bin/make" "cmTC_6cc9f/fast"
/usr/bin/make -f CMakeFiles/cmTC_6cc9f.dir/build.make CMakeFiles/cmTC_6cc9f.dir/build
make[1]: Entering directory '/home/hexiang/also/build/CMakeFiles/CMakeTmp'
Building CXX object CMakeFiles/cmTC_6cc9f.dir/CheckSymbolExists.cxx.o
/usr/local/bin/c++    -std=gnu++17 -o CMakeFiles/cmTC_6cc9f.dir/CheckSymbolExists.cxx.o -c /home/hexiang/also/build/CMakeFiles/CMakeTmp/CheckSymbolExists.cxx
Linking CXX executable cmTC_6cc9f
/opt/cmake-3.12.2/bin/cmake -E cmake_link_script CMakeFiles/cmTC_6cc9f.dir/link.txt --verbose=1
/usr/local/bin/c++       CMakeFiles/cmTC_6cc9f.dir/CheckSymbolExists.cxx.o  -o cmTC_6cc9f 
/usr/local/lib/gcc/x86_64-pc-linux-gnu/8.2.0/../../../../x86_64-pc-linux-gnu/bin/ld: CMakeFiles/cmTC_6cc9f.dir/CheckSymbolExists.cxx.o: in function `main':
CheckSymbolExists.cxx:(.text+0x16): undefined reference to `pthread_create'
collect2: 错误：ld 返回 1
CMakeFiles/cmTC_6cc9f.dir/build.make:86: recipe for target 'cmTC_6cc9f' failed
make[1]: *** [cmTC_6cc9f] Error 1
make[1]: Leaving directory '/home/hexiang/also/build/CMakeFiles/CMakeTmp'
Makefile:121: recipe for target 'cmTC_6cc9f/fast' failed
make: *** [cmTC_6cc9f/fast] Error 2

File /home/hexiang/also/build/CMakeFiles/CMakeTmp/CheckSymbolExists.cxx:
/* */
#include <pthread.h>

int main(int argc, char** argv)
{
  (void)argv;
#ifndef pthread_create
  return ((int*)(&pthread_create))[argc];
#else
  (void)argc;
  return 0;
#endif
}

