The system is: Linux - 4.15.0-132-generic - x86_64
Compiling the CXX compiler identification source file "CMakeCXXCompilerId.cpp" succeeded.
Compiler: /usr/local/bin/c++ 
Build flags: 
Id flags:  

The output was:
0


Compilation of the CXX compiler identification source "CMakeCXXCompilerId.cpp" produced "a.out"

The CXX compiler identification is GNU, found in "/home/hexiang/also/build/CMakeFiles/3.12.2/CompilerIdCXX/a.out"

Determining if the CXX compiler works passed with the following output:
Change Dir: /home/hexiang/also/build/CMakeFiles/CMakeTmp

Run Build Command:"/usr/bin/make" "cmTC_dc887/fast"
/usr/bin/make -f CMakeFiles/cmTC_dc887.dir/build.make CMakeFiles/cmTC_dc887.dir/build
make[1]: Entering directory '/home/hexiang/also/build/CMakeFiles/CMakeTmp'
Building CXX object CMakeFiles/cmTC_dc887.dir/testCXXCompiler.cxx.o
/usr/local/bin/c++     -o CMakeFiles/cmTC_dc887.dir/testCXXCompiler.cxx.o -c /home/hexiang/also/build/CMakeFiles/CMakeTmp/testCXXCompiler.cxx
Linking CXX executable cmTC_dc887
/opt/cmake-3.12.2/bin/cmake -E cmake_link_script CMakeFiles/cmTC_dc887.dir/link.txt --verbose=1
/usr/local/bin/c++       CMakeFiles/cmTC_dc887.dir/testCXXCompiler.cxx.o  -o cmTC_dc887 
make[1]: Leaving directory '/home/hexiang/also/build/CMakeFiles/CMakeTmp'


Detecting CXX compiler ABI info compiled with the following output:
Change Dir: /home/hexiang/also/build/CMakeFiles/CMakeTmp

Run Build Command:"/usr/bin/make" "cmTC_5ff54/fast"
/usr/bin/make -f CMakeFiles/cmTC_5ff54.dir/build.make CMakeFiles/cmTC_5ff54.dir/build
make[1]: Entering directory '/home/hexiang/also/build/CMakeFiles/CMakeTmp'
Building CXX object CMakeFiles/cmTC_5ff54.dir/CMakeCXXCompilerABI.cpp.o
/usr/local/bin/c++     -o CMakeFiles/cmTC_5ff54.dir/CMakeCXXCompilerABI.cpp.o -c /opt/cmake-3.12.2/share/cmake-3.12/Modules/CMakeCXXCompilerABI.cpp
Linking CXX executable cmTC_5ff54
/opt/cmake-3.12.2/bin/cmake -E cmake_link_script CMakeFiles/cmTC_5ff54.dir/link.txt --verbose=1
/usr/local/bin/c++      -v CMakeFiles/cmTC_5ff54.dir/CMakeCXXCompilerABI.cpp.o  -o cmTC_5ff54 
使用内建 specs。
COLLECT_GCC=/usr/local/bin/c++
COLLECT_LTO_WRAPPER=/usr/local/libexec/gcc/x86_64-pc-linux-gnu/8.2.0/lto-wrapper
目标：x86_64-pc-linux-gnu
配置为：../gcc-8.2.0/configure --enable-checking=release --enable-languages=c,c++ --disable-multilib
线程模型：posix
gcc 版本 8.2.0 (GCC) 
COMPILER_PATH=/usr/local/libexec/gcc/x86_64-pc-linux-gnu/8.2.0/:/usr/local/libexec/gcc/x86_64-pc-linux-gnu/8.2.0/:/usr/local/libexec/gcc/x86_64-pc-linux-gnu/:/usr/local/lib/gcc/x86_64-pc-linux-gnu/8.2.0/:/usr/local/lib/gcc/x86_64-pc-linux-gnu/:/usr/local/lib/gcc/x86_64-pc-linux-gnu/8.2.0/../../../../x86_64-pc-linux-gnu/bin/
LIBRARY_PATH=/usr/local/lib/gcc/x86_64-pc-linux-gnu/8.2.0/:/usr/local/lib/gcc/x86_64-pc-linux-gnu/8.2.0/../../../../lib64/:/lib/x86_64-linux-gnu/:/lib/../lib64/:/usr/lib/x86_64-linux-gnu/:/usr/local/lib/gcc/x86_64-pc-linux-gnu/8.2.0/../../../../x86_64-pc-linux-gnu/lib/:/usr/local/lib/gcc/x86_64-pc-linux-gnu/8.2.0/../../../:/lib/:/usr/lib/
COLLECT_GCC_OPTIONS='-v' '-o' 'cmTC_5ff54' '-shared-libgcc' '-mtune=generic' '-march=x86-64'
 /usr/local/libexec/gcc/x86_64-pc-linux-gnu/8.2.0/collect2 -plugin /usr/local/libexec/gcc/x86_64-pc-linux-gnu/8.2.0/liblto_plugin.so -plugin-opt=/usr/local/libexec/gcc/x86_64-pc-linux-gnu/8.2.0/lto-wrapper -plugin-opt=-fresolution=/tmp/ccka8EsO.res -plugin-opt=-pass-through=-lgcc_s -plugin-opt=-pass-through=-lgcc -plugin-opt=-pass-through=-lc -plugin-opt=-pass-through=-lgcc_s -plugin-opt=-pass-through=-lgcc --eh-frame-hdr -m elf_x86_64 -dynamic-linker /lib64/ld-linux-x86-64.so.2 -o cmTC_5ff54 /usr/lib/x86_64-linux-gnu/crt1.o /usr/lib/x86_64-linux-gnu/crti.o /usr/local/lib/gcc/x86_64-pc-linux-gnu/8.2.0/crtbegin.o -L/usr/local/lib/gcc/x86_64-pc-linux-gnu/8.2.0 -L/usr/local/lib/gcc/x86_64-pc-linux-gnu/8.2.0/../../../../lib64 -L/lib/x86_64-linux-gnu -L/lib/../lib64 -L/usr/lib/x86_64-linux-gnu -L/usr/local/lib/gcc/x86_64-pc-linux-gnu/8.2.0/../../../../x86_64-pc-linux-gnu/lib -L/usr/local/lib/gcc/x86_64-pc-linux-gnu/8.2.0/../../.. CMakeFiles/cmTC_5ff54.dir/CMakeCXXCompilerABI.cpp.o -lstdc++ -lm -lgcc_s -lgcc -lc -lgcc_s -lgcc /usr/local/lib/gcc/x86_64-pc-linux-gnu/8.2.0/crtend.o /usr/lib/x86_64-linux-gnu/crtn.o
COLLECT_GCC_OPTIONS='-v' '-o' 'cmTC_5ff54' '-shared-libgcc' '-mtune=generic' '-march=x86-64'
make[1]: Leaving directory '/home/hexiang/also/build/CMakeFiles/CMakeTmp'


Parsed CXX implicit link information from above output:
  link line regex: [^( *|.*[/\])(ld|CMAKE_LINK_STARTFILE-NOTFOUND|([^/\]+-)?ld|collect2)[^/\]*( |$)]
  ignore line: [Change Dir: /home/hexiang/also/build/CMakeFiles/CMakeTmp]
  ignore line: []
  ignore line: [Run Build Command:"/usr/bin/make" "cmTC_5ff54/fast"]
  ignore line: [/usr/bin/make -f CMakeFiles/cmTC_5ff54.dir/build.make CMakeFiles/cmTC_5ff54.dir/build]
  ignore line: [make[1]: Entering directory '/home/hexiang/also/build/CMakeFiles/CMakeTmp']
  ignore line: [Building CXX object CMakeFiles/cmTC_5ff54.dir/CMakeCXXCompilerABI.cpp.o]
  ignore line: [/usr/local/bin/c++     -o CMakeFiles/cmTC_5ff54.dir/CMakeCXXCompilerABI.cpp.o -c /opt/cmake-3.12.2/share/cmake-3.12/Modules/CMakeCXXCompilerABI.cpp]
  ignore line: [Linking CXX executable cmTC_5ff54]
  ignore line: [/opt/cmake-3.12.2/bin/cmake -E cmake_link_script CMakeFiles/cmTC_5ff54.dir/link.txt --verbose=1]
  ignore line: [/usr/local/bin/c++      -v CMakeFiles/cmTC_5ff54.dir/CMakeCXXCompilerABI.cpp.o  -o cmTC_5ff54 ]
  ignore line: [使用内建 specs。]
  ignore line: [COLLECT_GCC=/usr/local/bin/c++]
  ignore line: [COLLECT_LTO_WRAPPER=/usr/local/libexec/gcc/x86_64-pc-linux-gnu/8.2.0/lto-wrapper]
  ignore line: [目标：x86_64-pc-linux-gnu]
  ignore line: [配置为：../gcc-8.2.0/configure --enable-checking=release --enable-languages=c,c++ --disable-multilib]
  ignore line: [线程模型：posix]
  ignore line: [gcc 版本 8.2.0 (GCC) ]
  ignore line: [COMPILER_PATH=/usr/local/libexec/gcc/x86_64-pc-linux-gnu/8.2.0/:/usr/local/libexec/gcc/x86_64-pc-linux-gnu/8.2.0/:/usr/local/libexec/gcc/x86_64-pc-linux-gnu/:/usr/local/lib/gcc/x86_64-pc-linux-gnu/8.2.0/:/usr/local/lib/gcc/x86_64-pc-linux-gnu/:/usr/local/lib/gcc/x86_64-pc-linux-gnu/8.2.0/../../../../x86_64-pc-linux-gnu/bin/]
  ignore line: [LIBRARY_PATH=/usr/local/lib/gcc/x86_64-pc-linux-gnu/8.2.0/:/usr/local/lib/gcc/x86_64-pc-linux-gnu/8.2.0/../../../../lib64/:/lib/x86_64-linux-gnu/:/lib/../lib64/:/usr/lib/x86_64-linux-gnu/:/usr/local/lib/gcc/x86_64-pc-linux-gnu/8.2.0/../../../../x86_64-pc-linux-gnu/lib/:/usr/local/lib/gcc/x86_64-pc-linux-gnu/8.2.0/../../../:/lib/:/usr/lib/]
  ignore line: [COLLECT_GCC_OPTIONS='-v' '-o' 'cmTC_5ff54' '-shared-libgcc' '-mtune=generic' '-march=x86-64']
  link line: [ /usr/local/libexec/gcc/x86_64-pc-linux-gnu/8.2.0/collect2 -plugin /usr/local/libexec/gcc/x86_64-pc-linux-gnu/8.2.0/liblto_plugin.so -plugin-opt=/usr/local/libexec/gcc/x86_64-pc-linux-gnu/8.2.0/lto-wrapper -plugin-opt=-fresolution=/tmp/ccka8EsO.res -plugin-opt=-pass-through=-lgcc_s -plugin-opt=-pass-through=-lgcc -plugin-opt=-pass-through=-lc -plugin-opt=-pass-through=-lgcc_s -plugin-opt=-pass-through=-lgcc --eh-frame-hdr -m elf_x86_64 -dynamic-linker /lib64/ld-linux-x86-64.so.2 -o cmTC_5ff54 /usr/lib/x86_64-linux-gnu/crt1.o /usr/lib/x86_64-linux-gnu/crti.o /usr/local/lib/gcc/x86_64-pc-linux-gnu/8.2.0/crtbegin.o -L/usr/local/lib/gcc/x86_64-pc-linux-gnu/8.2.0 -L/usr/local/lib/gcc/x86_64-pc-linux-gnu/8.2.0/../../../../lib64 -L/lib/x86_64-linux-gnu -L/lib/../lib64 -L/usr/lib/x86_64-linux-gnu -L/usr/local/lib/gcc/x86_64-pc-linux-gnu/8.2.0/../../../../x86_64-pc-linux-gnu/lib -L/usr/local/lib/gcc/x86_64-pc-linux-gnu/8.2.0/../../.. CMakeFiles/cmTC_5ff54.dir/CMakeCXXCompilerABI.cpp.o -lstdc++ -lm -lgcc_s -lgcc -lc -lgcc_s -lgcc /usr/local/lib/gcc/x86_64-pc-linux-gnu/8.2.0/crtend.o /usr/lib/x86_64-linux-gnu/crtn.o]
    arg [/usr/local/libexec/gcc/x86_64-pc-linux-gnu/8.2.0/collect2] ==> ignore
    arg [-plugin] ==> ignore
    arg [/usr/local/libexec/gcc/x86_64-pc-linux-gnu/8.2.0/liblto_plugin.so] ==> ignore
    arg [-plugin-opt=/usr/local/libexec/gcc/x86_64-pc-linux-gnu/8.2.0/lto-wrapper] ==> ignore
    arg [-plugin-opt=-fresolution=/tmp/ccka8EsO.res] ==> ignore
    arg [-plugin-opt=-pass-through=-lgcc_s] ==> ignore
    arg [-plugin-opt=-pass-through=-lgcc] ==> ignore
    arg [-plugin-opt=-pass-through=-lc] ==> ignore
    arg [-plugin-opt=-pass-through=-lgcc_s] ==> ignore
    arg [-plugin-opt=-pass-through=-lgcc] ==> ignore
    arg [--eh-frame-hdr] ==> ignore
    arg [-m] ==> ignore
    arg [elf_x86_64] ==> ignore
    arg [-dynamic-linker] ==> ignore
    arg [/lib64/ld-linux-x86-64.so.2] ==> ignore
    arg [-o] ==> ignore
    arg [cmTC_5ff54] ==> ignore
    arg [/usr/lib/x86_64-linux-gnu/crt1.o] ==> ignore
    arg [/usr/lib/x86_64-linux-gnu/crti.o] ==> ignore
    arg [/usr/local/lib/gcc/x86_64-pc-linux-gnu/8.2.0/crtbegin.o] ==> ignore
    arg [-L/usr/local/lib/gcc/x86_64-pc-linux-gnu/8.2.0] ==> dir [/usr/local/lib/gcc/x86_64-pc-linux-gnu/8.2.0]
    arg [-L/usr/local/lib/gcc/x86_64-pc-linux-gnu/8.2.0/../../../../lib64] ==> dir [/usr/local/lib/gcc/x86_64-pc-linux-gnu/8.2.0/../../../../lib64]
    arg [-L/lib/x86_64-linux-gnu] ==> dir [/lib/x86_64-linux-gnu]
    arg [-L/lib/../lib64] ==> dir [/lib/../lib64]
    arg [-L/usr/lib/x86_64-linux-gnu] ==> dir [/usr/lib/x86_64-linux-gnu]
    arg [-L/usr/local/lib/gcc/x86_64-pc-linux-gnu/8.2.0/../../../../x86_64-pc-linux-gnu/lib] ==> dir [/usr/local/lib/gcc/x86_64-pc-linux-gnu/8.2.0/../../../../x86_64-pc-linux-gnu/lib]
    arg [-L/usr/local/lib/gcc/x86_64-pc-linux-gnu/8.2.0/../../..] ==> dir [/usr/local/lib/gcc/x86_64-pc-linux-gnu/8.2.0/../../..]
    arg [CMakeFiles/cmTC_5ff54.dir/CMakeCXXCompilerABI.cpp.o] ==> ignore
    arg [-lstdc++] ==> lib [stdc++]
    arg [-lm] ==> lib [m]
    arg [-lgcc_s] ==> lib [gcc_s]
    arg [-lgcc] ==> lib [gcc]
    arg [-lc] ==> lib [c]
    arg [-lgcc_s] ==> lib [gcc_s]
    arg [-lgcc] ==> lib [gcc]
    arg [/usr/local/lib/gcc/x86_64-pc-linux-gnu/8.2.0/crtend.o] ==> ignore
    arg [/usr/lib/x86_64-linux-gnu/crtn.o] ==> ignore
  collapse library dir [/usr/local/lib/gcc/x86_64-pc-linux-gnu/8.2.0] ==> [/usr/local/lib/gcc/x86_64-pc-linux-gnu/8.2.0]
  collapse library dir [/usr/local/lib/gcc/x86_64-pc-linux-gnu/8.2.0/../../../../lib64] ==> [/usr/local/lib64]
  collapse library dir [/lib/x86_64-linux-gnu] ==> [/lib/x86_64-linux-gnu]
  collapse library dir [/lib/../lib64] ==> [/lib64]
  collapse library dir [/usr/lib/x86_64-linux-gnu] ==> [/usr/lib/x86_64-linux-gnu]
  collapse library dir [/usr/local/lib/gcc/x86_64-pc-linux-gnu/8.2.0/../../../../x86_64-pc-linux-gnu/lib] ==> [/usr/local/x86_64-pc-linux-gnu/lib]
  collapse library dir [/usr/local/lib/gcc/x86_64-pc-linux-gnu/8.2.0/../../..] ==> [/usr/local/lib]
  implicit libs: [stdc++;m;gcc_s;gcc;c;gcc_s;gcc]
  implicit dirs: [/usr/local/lib/gcc/x86_64-pc-linux-gnu/8.2.0;/usr/local/lib64;/lib/x86_64-linux-gnu;/lib64;/usr/lib/x86_64-linux-gnu;/usr/local/x86_64-pc-linux-gnu/lib;/usr/local/lib]
  implicit fwks: []




Detecting CXX [-std=c++2a] compiler features compiled with the following output:
Change Dir: /home/hexiang/also/build/CMakeFiles/CMakeTmp

Run Build Command:"/usr/bin/make" "cmTC_809f6/fast"
/usr/bin/make -f CMakeFiles/cmTC_809f6.dir/build.make CMakeFiles/cmTC_809f6.dir/build
make[1]: Entering directory '/home/hexiang/also/build/CMakeFiles/CMakeTmp'
Building CXX object CMakeFiles/cmTC_809f6.dir/feature_tests.cxx.o
/usr/local/bin/c++    -std=c++2a -o CMakeFiles/cmTC_809f6.dir/feature_tests.cxx.o -c /home/hexiang/also/build/CMakeFiles/feature_tests.cxx
Linking CXX executable cmTC_809f6
/opt/cmake-3.12.2/bin/cmake -E cmake_link_script CMakeFiles/cmTC_809f6.dir/link.txt --verbose=1
/usr/local/bin/c++       CMakeFiles/cmTC_809f6.dir/feature_tests.cxx.o  -o cmTC_809f6 
make[1]: Leaving directory '/home/hexiang/also/build/CMakeFiles/CMakeTmp'


    Feature record: CXX_FEATURE:1cxx_aggregate_default_initializers
    Feature record: CXX_FEATURE:1cxx_alias_templates
    Feature record: CXX_FEATURE:1cxx_alignas
    Feature record: CXX_FEATURE:1cxx_alignof
    Feature record: CXX_FEATURE:1cxx_attributes
    Feature record: CXX_FEATURE:1cxx_attribute_deprecated
    Feature record: CXX_FEATURE:1cxx_auto_type
    Feature record: CXX_FEATURE:1cxx_binary_literals
    Feature record: CXX_FEATURE:1cxx_constexpr
    Feature record: CXX_FEATURE:1cxx_contextual_conversions
    Feature record: CXX_FEATURE:1cxx_decltype
    Feature record: CXX_FEATURE:1cxx_decltype_auto
    Feature record: CXX_FEATURE:1cxx_decltype_incomplete_return_types
    Feature record: CXX_FEATURE:1cxx_default_function_template_args
    Feature record: CXX_FEATURE:1cxx_defaulted_functions
    Feature record: CXX_FEATURE:1cxx_defaulted_move_initializers
    Feature record: CXX_FEATURE:1cxx_delegating_constructors
    Feature record: CXX_FEATURE:1cxx_deleted_functions
    Feature record: CXX_FEATURE:1cxx_digit_separators
    Feature record: CXX_FEATURE:1cxx_enum_forward_declarations
    Feature record: CXX_FEATURE:1cxx_explicit_conversions
    Feature record: CXX_FEATURE:1cxx_extended_friend_declarations
    Feature record: CXX_FEATURE:1cxx_extern_templates
    Feature record: CXX_FEATURE:1cxx_final
    Feature record: CXX_FEATURE:1cxx_func_identifier
    Feature record: CXX_FEATURE:1cxx_generalized_initializers
    Feature record: CXX_FEATURE:1cxx_generic_lambdas
    Feature record: CXX_FEATURE:1cxx_inheriting_constructors
    Feature record: CXX_FEATURE:1cxx_inline_namespaces
    Feature record: CXX_FEATURE:1cxx_lambdas
    Feature record: CXX_FEATURE:1cxx_lambda_init_captures
    Feature record: CXX_FEATURE:1cxx_local_type_template_args
    Feature record: CXX_FEATURE:1cxx_long_long_type
    Feature record: CXX_FEATURE:1cxx_noexcept
    Feature record: CXX_FEATURE:1cxx_nonstatic_member_init
    Feature record: CXX_FEATURE:1cxx_nullptr
    Feature record: CXX_FEATURE:1cxx_override
    Feature record: CXX_FEATURE:1cxx_range_for
    Feature record: CXX_FEATURE:1cxx_raw_string_literals
    Feature record: CXX_FEATURE:1cxx_reference_qualified_functions
    Feature record: CXX_FEATURE:1cxx_relaxed_constexpr
    Feature record: CXX_FEATURE:1cxx_return_type_deduction
    Feature record: CXX_FEATURE:1cxx_right_angle_brackets
    Feature record: CXX_FEATURE:1cxx_rvalue_references
    Feature record: CXX_FEATURE:1cxx_sizeof_member
    Feature record: CXX_FEATURE:1cxx_static_assert
    Feature record: CXX_FEATURE:1cxx_strong_enums
    Feature record: CXX_FEATURE:1cxx_template_template_parameters
    Feature record: CXX_FEATURE:1cxx_thread_local
    Feature record: CXX_FEATURE:1cxx_trailing_return_types
    Feature record: CXX_FEATURE:1cxx_unicode_literals
    Feature record: CXX_FEATURE:1cxx_uniform_initialization
    Feature record: CXX_FEATURE:1cxx_unrestricted_unions
    Feature record: CXX_FEATURE:1cxx_user_literals
    Feature record: CXX_FEATURE:1cxx_variable_templates
    Feature record: CXX_FEATURE:1cxx_variadic_macros
    Feature record: CXX_FEATURE:1cxx_variadic_templates


Detecting CXX [-std=c++17] compiler features compiled with the following output:
Change Dir: /home/hexiang/also/build/CMakeFiles/CMakeTmp

Run Build Command:"/usr/bin/make" "cmTC_d2ff7/fast"
/usr/bin/make -f CMakeFiles/cmTC_d2ff7.dir/build.make CMakeFiles/cmTC_d2ff7.dir/build
make[1]: Entering directory '/home/hexiang/also/build/CMakeFiles/CMakeTmp'
Building CXX object CMakeFiles/cmTC_d2ff7.dir/feature_tests.cxx.o
/usr/local/bin/c++    -std=c++17 -o CMakeFiles/cmTC_d2ff7.dir/feature_tests.cxx.o -c /home/hexiang/also/build/CMakeFiles/feature_tests.cxx
Linking CXX executable cmTC_d2ff7
/opt/cmake-3.12.2/bin/cmake -E cmake_link_script CMakeFiles/cmTC_d2ff7.dir/link.txt --verbose=1
/usr/local/bin/c++       CMakeFiles/cmTC_d2ff7.dir/feature_tests.cxx.o  -o cmTC_d2ff7 
make[1]: Leaving directory '/home/hexiang/also/build/CMakeFiles/CMakeTmp'


    Feature record: CXX_FEATURE:1cxx_aggregate_default_initializers
    Feature record: CXX_FEATURE:1cxx_alias_templates
    Feature record: CXX_FEATURE:1cxx_alignas
    Feature record: CXX_FEATURE:1cxx_alignof
    Feature record: CXX_FEATURE:1cxx_attributes
    Feature record: CXX_FEATURE:1cxx_attribute_deprecated
    Feature record: CXX_FEATURE:1cxx_auto_type
    Feature record: CXX_FEATURE:1cxx_binary_literals
    Feature record: CXX_FEATURE:1cxx_constexpr
    Feature record: CXX_FEATURE:1cxx_contextual_conversions
    Feature record: CXX_FEATURE:1cxx_decltype
    Feature record: CXX_FEATURE:1cxx_decltype_auto
    Feature record: CXX_FEATURE:1cxx_decltype_incomplete_return_types
    Feature record: CXX_FEATURE:1cxx_default_function_template_args
    Feature record: CXX_FEATURE:1cxx_defaulted_functions
    Feature record: CXX_FEATURE:1cxx_defaulted_move_initializers
    Feature record: CXX_FEATURE:1cxx_delegating_constructors
    Feature record: CXX_FEATURE:1cxx_deleted_functions
    Feature record: CXX_FEATURE:1cxx_digit_separators
    Feature record: CXX_FEATURE:1cxx_enum_forward_declarations
    Feature record: CXX_FEATURE:1cxx_explicit_conversions
    Feature record: CXX_FEATURE:1cxx_extended_friend_declarations
    Feature record: CXX_FEATURE:1cxx_extern_templates
    Feature record: CXX_FEATURE:1cxx_final
    Feature record: CXX_FEATURE:1cxx_func_identifier
    Feature record: CXX_FEATURE:1cxx_generalized_initializers
    Feature record: CXX_FEATURE:1cxx_generic_lambdas
    Feature record: CXX_FEATURE:1cxx_inheriting_constructors
    Feature record: CXX_FEATURE:1cxx_inline_namespaces
    Feature record: CXX_FEATURE:1cxx_lambdas
    Feature record: CXX_FEATURE:1cxx_lambda_init_captures
    Feature record: CXX_FEATURE:1cxx_local_type_template_args
    Feature record: CXX_FEATURE:1cxx_long_long_type
    Feature record: CXX_FEATURE:1cxx_noexcept
    Feature record: CXX_FEATURE:1cxx_nonstatic_member_init
    Feature record: CXX_FEATURE:1cxx_nullptr
    Feature record: CXX_FEATURE:1cxx_override
    Feature record: CXX_FEATURE:1cxx_range_for
    Feature record: CXX_FEATURE:1cxx_raw_string_literals
    Feature record: CXX_FEATURE:1cxx_reference_qualified_functions
    Feature record: CXX_FEATURE:1cxx_relaxed_constexpr
    Feature record: CXX_FEATURE:1cxx_return_type_deduction
    Feature record: CXX_FEATURE:1cxx_right_angle_brackets
    Feature record: CXX_FEATURE:1cxx_rvalue_references
    Feature record: CXX_FEATURE:1cxx_sizeof_member
    Feature record: CXX_FEATURE:1cxx_static_assert
    Feature record: CXX_FEATURE:1cxx_strong_enums
    Feature record: CXX_FEATURE:1cxx_template_template_parameters
    Feature record: CXX_FEATURE:1cxx_thread_local
    Feature record: CXX_FEATURE:1cxx_trailing_return_types
    Feature record: CXX_FEATURE:1cxx_unicode_literals
    Feature record: CXX_FEATURE:1cxx_uniform_initialization
    Feature record: CXX_FEATURE:1cxx_unrestricted_unions
    Feature record: CXX_FEATURE:1cxx_user_literals
    Feature record: CXX_FEATURE:1cxx_variable_templates
    Feature record: CXX_FEATURE:1cxx_variadic_macros
    Feature record: CXX_FEATURE:1cxx_variadic_templates


Detecting CXX [-std=c++14] compiler features compiled with the following output:
Change Dir: /home/hexiang/also/build/CMakeFiles/CMakeTmp

Run Build Command:"/usr/bin/make" "cmTC_f36eb/fast"
/usr/bin/make -f CMakeFiles/cmTC_f36eb.dir/build.make CMakeFiles/cmTC_f36eb.dir/build
make[1]: Entering directory '/home/hexiang/also/build/CMakeFiles/CMakeTmp'
Building CXX object CMakeFiles/cmTC_f36eb.dir/feature_tests.cxx.o
/usr/local/bin/c++    -std=c++14 -o CMakeFiles/cmTC_f36eb.dir/feature_tests.cxx.o -c /home/hexiang/also/build/CMakeFiles/feature_tests.cxx
Linking CXX executable cmTC_f36eb
/opt/cmake-3.12.2/bin/cmake -E cmake_link_script CMakeFiles/cmTC_f36eb.dir/link.txt --verbose=1
/usr/local/bin/c++       CMakeFiles/cmTC_f36eb.dir/feature_tests.cxx.o  -o cmTC_f36eb 
make[1]: Leaving directory '/home/hexiang/also/build/CMakeFiles/CMakeTmp'


    Feature record: CXX_FEATURE:1cxx_aggregate_default_initializers
    Feature record: CXX_FEATURE:1cxx_alias_templates
    Feature record: CXX_FEATURE:1cxx_alignas
    Feature record: CXX_FEATURE:1cxx_alignof
    Feature record: CXX_FEATURE:1cxx_attributes
    Feature record: CXX_FEATURE:1cxx_attribute_deprecated
    Feature record: CXX_FEATURE:1cxx_auto_type
    Feature record: CXX_FEATURE:1cxx_binary_literals
    Feature record: CXX_FEATURE:1cxx_constexpr
    Feature record: CXX_FEATURE:1cxx_contextual_conversions
    Feature record: CXX_FEATURE:1cxx_decltype
    Feature record: CXX_FEATURE:1cxx_decltype_auto
    Feature record: CXX_FEATURE:1cxx_decltype_incomplete_return_types
    Feature record: CXX_FEATURE:1cxx_default_function_template_args
    Feature record: CXX_FEATURE:1cxx_defaulted_functions
    Feature record: CXX_FEATURE:1cxx_defaulted_move_initializers
    Feature record: CXX_FEATURE:1cxx_delegating_constructors
    Feature record: CXX_FEATURE:1cxx_deleted_functions
    Feature record: CXX_FEATURE:1cxx_digit_separators
    Feature record: CXX_FEATURE:1cxx_enum_forward_declarations
    Feature record: CXX_FEATURE:1cxx_explicit_conversions
    Feature record: CXX_FEATURE:1cxx_extended_friend_declarations
    Feature record: CXX_FEATURE:1cxx_extern_templates
    Feature record: CXX_FEATURE:1cxx_final
    Feature record: CXX_FEATURE:1cxx_func_identifier
    Feature record: CXX_FEATURE:1cxx_generalized_initializers
    Feature record: CXX_FEATURE:1cxx_generic_lambdas
    Feature record: CXX_FEATURE:1cxx_inheriting_constructors
    Feature record: CXX_FEATURE:1cxx_inline_namespaces
    Feature record: CXX_FEATURE:1cxx_lambdas
    Feature record: CXX_FEATURE:1cxx_lambda_init_captures
    Feature record: CXX_FEATURE:1cxx_local_type_template_args
    Feature record: CXX_FEATURE:1cxx_long_long_type
    Feature record: CXX_FEATURE:1cxx_noexcept
    Feature record: CXX_FEATURE:1cxx_nonstatic_member_init
    Feature record: CXX_FEATURE:1cxx_nullptr
    Feature record: CXX_FEATURE:1cxx_override
    Feature record: CXX_FEATURE:1cxx_range_for
    Feature record: CXX_FEATURE:1cxx_raw_string_literals
    Feature record: CXX_FEATURE:1cxx_reference_qualified_functions
    Feature record: CXX_FEATURE:1cxx_relaxed_constexpr
    Feature record: CXX_FEATURE:1cxx_return_type_deduction
    Feature record: CXX_FEATURE:1cxx_right_angle_brackets
    Feature record: CXX_FEATURE:1cxx_rvalue_references
    Feature record: CXX_FEATURE:1cxx_sizeof_member
    Feature record: CXX_FEATURE:1cxx_static_assert
    Feature record: CXX_FEATURE:1cxx_strong_enums
    Feature record: CXX_FEATURE:1cxx_template_template_parameters
    Feature record: CXX_FEATURE:1cxx_thread_local
    Feature record: CXX_FEATURE:1cxx_trailing_return_types
    Feature record: CXX_FEATURE:1cxx_unicode_literals
    Feature record: CXX_FEATURE:1cxx_uniform_initialization
    Feature record: CXX_FEATURE:1cxx_unrestricted_unions
    Feature record: CXX_FEATURE:1cxx_user_literals
    Feature record: CXX_FEATURE:1cxx_variable_templates
    Feature record: CXX_FEATURE:1cxx_variadic_macros
    Feature record: CXX_FEATURE:1cxx_variadic_templates


Detecting CXX [-std=c++11] compiler features compiled with the following output:
Change Dir: /home/hexiang/also/build/CMakeFiles/CMakeTmp

Run Build Command:"/usr/bin/make" "cmTC_830d2/fast"
/usr/bin/make -f CMakeFiles/cmTC_830d2.dir/build.make CMakeFiles/cmTC_830d2.dir/build
make[1]: Entering directory '/home/hexiang/also/build/CMakeFiles/CMakeTmp'
Building CXX object CMakeFiles/cmTC_830d2.dir/feature_tests.cxx.o
/usr/local/bin/c++    -std=c++11 -o CMakeFiles/cmTC_830d2.dir/feature_tests.cxx.o -c /home/hexiang/also/build/CMakeFiles/feature_tests.cxx
Linking CXX executable cmTC_830d2
/opt/cmake-3.12.2/bin/cmake -E cmake_link_script CMakeFiles/cmTC_830d2.dir/link.txt --verbose=1
/usr/local/bin/c++       CMakeFiles/cmTC_830d2.dir/feature_tests.cxx.o  -o cmTC_830d2 
make[1]: Leaving directory '/home/hexiang/also/build/CMakeFiles/CMakeTmp'


    Feature record: CXX_FEATURE:0cxx_aggregate_default_initializers
    Feature record: CXX_FEATURE:1cxx_alias_templates
    Feature record: CXX_FEATURE:1cxx_alignas
    Feature record: CXX_FEATURE:1cxx_alignof
    Feature record: CXX_FEATURE:1cxx_attributes
    Feature record: CXX_FEATURE:0cxx_attribute_deprecated
    Feature record: CXX_FEATURE:1cxx_auto_type
    Feature record: CXX_FEATURE:0cxx_binary_literals
    Feature record: CXX_FEATURE:1cxx_constexpr
    Feature record: CXX_FEATURE:0cxx_contextual_conversions
    Feature record: CXX_FEATURE:1cxx_decltype
    Feature record: CXX_FEATURE:0cxx_decltype_auto
    Feature record: CXX_FEATURE:1cxx_decltype_incomplete_return_types
    Feature record: CXX_FEATURE:1cxx_default_function_template_args
    Feature record: CXX_FEATURE:1cxx_defaulted_functions
    Feature record: CXX_FEATURE:1cxx_defaulted_move_initializers
    Feature record: CXX_FEATURE:1cxx_delegating_constructors
    Feature record: CXX_FEATURE:1cxx_deleted_functions
    Feature record: CXX_FEATURE:0cxx_digit_separators
    Feature record: CXX_FEATURE:1cxx_enum_forward_declarations
    Feature record: CXX_FEATURE:1cxx_explicit_conversions
    Feature record: CXX_FEATURE:1cxx_extended_friend_declarations
    Feature record: CXX_FEATURE:1cxx_extern_templates
    Feature record: CXX_FEATURE:1cxx_final
    Feature record: CXX_FEATURE:1cxx_func_identifier
    Feature record: CXX_FEATURE:1cxx_generalized_initializers
    Feature record: CXX_FEATURE:0cxx_generic_lambdas
    Feature record: CXX_FEATURE:1cxx_inheriting_constructors
    Feature record: CXX_FEATURE:1cxx_inline_namespaces
    Feature record: CXX_FEATURE:1cxx_lambdas
    Feature record: CXX_FEATURE:0cxx_lambda_init_captures
    Feature record: CXX_FEATURE:1cxx_local_type_template_args
    Feature record: CXX_FEATURE:1cxx_long_long_type
    Feature record: CXX_FEATURE:1cxx_noexcept
    Feature record: CXX_FEATURE:1cxx_nonstatic_member_init
    Feature record: CXX_FEATURE:1cxx_nullptr
    Feature record: CXX_FEATURE:1cxx_override
    Feature record: CXX_FEATURE:1cxx_range_for
    Feature record: CXX_FEATURE:1cxx_raw_string_literals
    Feature record: CXX_FEATURE:1cxx_reference_qualified_functions
    Feature record: CXX_FEATURE:0cxx_relaxed_constexpr
    Feature record: CXX_FEATURE:0cxx_return_type_deduction
    Feature record: CXX_FEATURE:1cxx_right_angle_brackets
    Feature record: CXX_FEATURE:1cxx_rvalue_references
    Feature record: CXX_FEATURE:1cxx_sizeof_member
    Feature record: CXX_FEATURE:1cxx_static_assert
    Feature record: CXX_FEATURE:1cxx_strong_enums
    Feature record: CXX_FEATURE:1cxx_template_template_parameters
    Feature record: CXX_FEATURE:1cxx_thread_local
    Feature record: CXX_FEATURE:1cxx_trailing_return_types
    Feature record: CXX_FEATURE:1cxx_unicode_literals
    Feature record: CXX_FEATURE:1cxx_uniform_initialization
    Feature record: CXX_FEATURE:1cxx_unrestricted_unions
    Feature record: CXX_FEATURE:1cxx_user_literals
    Feature record: CXX_FEATURE:0cxx_variable_templates
    Feature record: CXX_FEATURE:1cxx_variadic_macros
    Feature record: CXX_FEATURE:1cxx_variadic_templates


Detecting CXX [-std=c++98] compiler features compiled with the following output:
Change Dir: /home/hexiang/also/build/CMakeFiles/CMakeTmp

Run Build Command:"/usr/bin/make" "cmTC_2b6f8/fast"
/usr/bin/make -f CMakeFiles/cmTC_2b6f8.dir/build.make CMakeFiles/cmTC_2b6f8.dir/build
make[1]: Entering directory '/home/hexiang/also/build/CMakeFiles/CMakeTmp'
Building CXX object CMakeFiles/cmTC_2b6f8.dir/feature_tests.cxx.o
/usr/local/bin/c++    -std=c++98 -o CMakeFiles/cmTC_2b6f8.dir/feature_tests.cxx.o -c /home/hexiang/also/build/CMakeFiles/feature_tests.cxx
Linking CXX executable cmTC_2b6f8
/opt/cmake-3.12.2/bin/cmake -E cmake_link_script CMakeFiles/cmTC_2b6f8.dir/link.txt --verbose=1
/usr/local/bin/c++       CMakeFiles/cmTC_2b6f8.dir/feature_tests.cxx.o  -o cmTC_2b6f8 
make[1]: Leaving directory '/home/hexiang/also/build/CMakeFiles/CMakeTmp'


    Feature record: CXX_FEATURE:0cxx_aggregate_default_initializers
    Feature record: CXX_FEATURE:0cxx_alias_templates
    Feature record: CXX_FEATURE:0cxx_alignas
    Feature record: CXX_FEATURE:0cxx_alignof
    Feature record: CXX_FEATURE:0cxx_attributes
    Feature record: CXX_FEATURE:0cxx_attribute_deprecated
    Feature record: CXX_FEATURE:0cxx_auto_type
    Feature record: CXX_FEATURE:0cxx_binary_literals
    Feature record: CXX_FEATURE:0cxx_constexpr
    Feature record: CXX_FEATURE:0cxx_contextual_conversions
    Feature record: CXX_FEATURE:0cxx_decltype
    Feature record: CXX_FEATURE:0cxx_decltype_auto
    Feature record: CXX_FEATURE:0cxx_decltype_incomplete_return_types
    Feature record: CXX_FEATURE:0cxx_default_function_template_args
    Feature record: CXX_FEATURE:0cxx_defaulted_functions
    Feature record: CXX_FEATURE:0cxx_defaulted_move_initializers
    Feature record: CXX_FEATURE:0cxx_delegating_constructors
    Feature record: CXX_FEATURE:0cxx_deleted_functions
    Feature record: CXX_FEATURE:0cxx_digit_separators
    Feature record: CXX_FEATURE:0cxx_enum_forward_declarations
    Feature record: CXX_FEATURE:0cxx_explicit_conversions
    Feature record: CXX_FEATURE:0cxx_extended_friend_declarations
    Feature record: CXX_FEATURE:0cxx_extern_templates
    Feature record: CXX_FEATURE:0cxx_final
    Feature record: CXX_FEATURE:0cxx_func_identifier
    Feature record: CXX_FEATURE:0cxx_generalized_initializers
    Feature record: CXX_FEATURE:0cxx_generic_lambdas
    Feature record: CXX_FEATURE:0cxx_inheriting_constructors
    Feature record: CXX_FEATURE:0cxx_inline_namespaces
    Feature record: CXX_FEATURE:0cxx_lambdas
    Feature record: CXX_FEATURE:0cxx_lambda_init_captures
    Feature record: CXX_FEATURE:0cxx_local_type_template_args
    Feature record: CXX_FEATURE:0cxx_long_long_type
    Feature record: CXX_FEATURE:0cxx_noexcept
    Feature record: CXX_FEATURE:0cxx_nonstatic_member_init
    Feature record: CXX_FEATURE:0cxx_nullptr
    Feature record: CXX_FEATURE:0cxx_override
    Feature record: CXX_FEATURE:0cxx_range_for
    Feature record: CXX_FEATURE:0cxx_raw_string_literals
    Feature record: CXX_FEATURE:0cxx_reference_qualified_functions
    Feature record: CXX_FEATURE:0cxx_relaxed_constexpr
    Feature record: CXX_FEATURE:0cxx_return_type_deduction
    Feature record: CXX_FEATURE:0cxx_right_angle_brackets
    Feature record: CXX_FEATURE:0cxx_rvalue_references
    Feature record: CXX_FEATURE:0cxx_sizeof_member
    Feature record: CXX_FEATURE:0cxx_static_assert
    Feature record: CXX_FEATURE:0cxx_strong_enums
    Feature record: CXX_FEATURE:1cxx_template_template_parameters
    Feature record: CXX_FEATURE:0cxx_thread_local
    Feature record: CXX_FEATURE:0cxx_trailing_return_types
    Feature record: CXX_FEATURE:0cxx_unicode_literals
    Feature record: CXX_FEATURE:0cxx_uniform_initialization
    Feature record: CXX_FEATURE:0cxx_unrestricted_unions
    Feature record: CXX_FEATURE:0cxx_user_literals
    Feature record: CXX_FEATURE:0cxx_variable_templates
    Feature record: CXX_FEATURE:0cxx_variadic_macros
    Feature record: CXX_FEATURE:0cxx_variadic_templates
Performing C++ SOURCE FILE Test HAS_WNO_unknown-pragmas succeeded with the following output:
Change Dir: /home/hexiang/also/build/CMakeFiles/CMakeTmp

Run Build Command:"/usr/bin/make" "cmTC_ee1af/fast"
/usr/bin/make -f CMakeFiles/cmTC_ee1af.dir/build.make CMakeFiles/cmTC_ee1af.dir/build
make[1]: Entering directory '/home/hexiang/also/build/CMakeFiles/CMakeTmp'
Building CXX object CMakeFiles/cmTC_ee1af.dir/src.cxx.o
/usr/local/bin/c++    -DHAS_WNO_unknown-pragmas   -Wno-unknown-pragmas -std=gnu++17 -o CMakeFiles/cmTC_ee1af.dir/src.cxx.o -c /home/hexiang/also/build/CMakeFiles/CMakeTmp/src.cxx
<command-line>: warning: ISO C++11 requires whitespace after the macro name
Linking CXX executable cmTC_ee1af
/opt/cmake-3.12.2/bin/cmake -E cmake_link_script CMakeFiles/cmTC_ee1af.dir/link.txt --verbose=1
/usr/local/bin/c++   -DHAS_WNO_unknown-pragmas    CMakeFiles/cmTC_ee1af.dir/src.cxx.o  -o cmTC_ee1af 
make[1]: Leaving directory '/home/hexiang/also/build/CMakeFiles/CMakeTmp'

Source file was:
int main() { return 0; }
Performing C++ SOURCE FILE Test HAS_WNO_sign-compare succeeded with the following output:
Change Dir: /home/hexiang/also/build/CMakeFiles/CMakeTmp

Run Build Command:"/usr/bin/make" "cmTC_1af66/fast"
/usr/bin/make -f CMakeFiles/cmTC_1af66.dir/build.make CMakeFiles/cmTC_1af66.dir/build
make[1]: Entering directory '/home/hexiang/also/build/CMakeFiles/CMakeTmp'
Building CXX object CMakeFiles/cmTC_1af66.dir/src.cxx.o
/usr/local/bin/c++    -DHAS_WNO_sign-compare   -Wno-sign-compare -std=gnu++17 -o CMakeFiles/cmTC_1af66.dir/src.cxx.o -c /home/hexiang/also/build/CMakeFiles/CMakeTmp/src.cxx
<command-line>: warning: ISO C++11 requires whitespace after the macro name
Linking CXX executable cmTC_1af66
/opt/cmake-3.12.2/bin/cmake -E cmake_link_script CMakeFiles/cmTC_1af66.dir/link.txt --verbose=1
/usr/local/bin/c++   -DHAS_WNO_sign-compare    CMakeFiles/cmTC_1af66.dir/src.cxx.o  -o cmTC_1af66 
make[1]: Leaving directory '/home/hexiang/also/build/CMakeFiles/CMakeTmp'

Source file was:
int main() { return 0; }
Performing C++ SOURCE FILE Test HAS_WNO_unused-parameter succeeded with the following output:
Change Dir: /home/hexiang/also/build/CMakeFiles/CMakeTmp

Run Build Command:"/usr/bin/make" "cmTC_47d4d/fast"
/usr/bin/make -f CMakeFiles/cmTC_47d4d.dir/build.make CMakeFiles/cmTC_47d4d.dir/build
make[1]: Entering directory '/home/hexiang/also/build/CMakeFiles/CMakeTmp'
Building CXX object CMakeFiles/cmTC_47d4d.dir/src.cxx.o
/usr/local/bin/c++    -DHAS_WNO_unused-parameter   -Wno-unused-parameter -std=gnu++17 -o CMakeFiles/cmTC_47d4d.dir/src.cxx.o -c /home/hexiang/also/build/CMakeFiles/CMakeTmp/src.cxx
<command-line>: warning: ISO C++11 requires whitespace after the macro name
Linking CXX executable cmTC_47d4d
/opt/cmake-3.12.2/bin/cmake -E cmake_link_script CMakeFiles/cmTC_47d4d.dir/link.txt --verbose=1
/usr/local/bin/c++   -DHAS_WNO_unused-parameter    CMakeFiles/cmTC_47d4d.dir/src.cxx.o  -o cmTC_47d4d 
make[1]: Leaving directory '/home/hexiang/also/build/CMakeFiles/CMakeTmp'

Source file was:
int main() { return 0; }
Performing C++ SOURCE FILE Test HAS_WNO_format succeeded with the following output:
Change Dir: /home/hexiang/also/build/CMakeFiles/CMakeTmp

Run Build Command:"/usr/bin/make" "cmTC_6a830/fast"
/usr/bin/make -f CMakeFiles/cmTC_6a830.dir/build.make CMakeFiles/cmTC_6a830.dir/build
make[1]: Entering directory '/home/hexiang/also/build/CMakeFiles/CMakeTmp'
Building CXX object CMakeFiles/cmTC_6a830.dir/src.cxx.o
/usr/local/bin/c++    -DHAS_WNO_format   -Wno-format -std=gnu++17 -o CMakeFiles/cmTC_6a830.dir/src.cxx.o -c /home/hexiang/also/build/CMakeFiles/CMakeTmp/src.cxx
Linking CXX executable cmTC_6a830
/opt/cmake-3.12.2/bin/cmake -E cmake_link_script CMakeFiles/cmTC_6a830.dir/link.txt --verbose=1
/usr/local/bin/c++   -DHAS_WNO_format    CMakeFiles/cmTC_6a830.dir/src.cxx.o  -o cmTC_6a830 
make[1]: Leaving directory '/home/hexiang/also/build/CMakeFiles/CMakeTmp'

Source file was:
int main() { return 0; }
Performing C++ SOURCE FILE Test HAS_WNO_delete-non-virtual-dtor succeeded with the following output:
Change Dir: /home/hexiang/also/build/CMakeFiles/CMakeTmp

Run Build Command:"/usr/bin/make" "cmTC_4507c/fast"
/usr/bin/make -f CMakeFiles/cmTC_4507c.dir/build.make CMakeFiles/cmTC_4507c.dir/build
make[1]: Entering directory '/home/hexiang/also/build/CMakeFiles/CMakeTmp'
Building CXX object CMakeFiles/cmTC_4507c.dir/src.cxx.o
/usr/local/bin/c++    -DHAS_WNO_delete-non-virtual-dtor   -Wno-delete-non-virtual-dtor -std=gnu++17 -o CMakeFiles/cmTC_4507c.dir/src.cxx.o -c /home/hexiang/also/build/CMakeFiles/CMakeTmp/src.cxx
<command-line>: warning: ISO C++11 requires whitespace after the macro name
Linking CXX executable cmTC_4507c
/opt/cmake-3.12.2/bin/cmake -E cmake_link_script CMakeFiles/cmTC_4507c.dir/link.txt --verbose=1
/usr/local/bin/c++   -DHAS_WNO_delete-non-virtual-dtor    CMakeFiles/cmTC_4507c.dir/src.cxx.o  -o cmTC_4507c 
make[1]: Leaving directory '/home/hexiang/also/build/CMakeFiles/CMakeTmp'

Source file was:
int main() { return 0; }
Performing C++ SOURCE FILE Test HAS_WNO_unused-variable succeeded with the following output:
Change Dir: /home/hexiang/also/build/CMakeFiles/CMakeTmp

Run Build Command:"/usr/bin/make" "cmTC_a7610/fast"
/usr/bin/make -f CMakeFiles/cmTC_a7610.dir/build.make CMakeFiles/cmTC_a7610.dir/build
make[1]: Entering directory '/home/hexiang/also/build/CMakeFiles/CMakeTmp'
Building CXX object CMakeFiles/cmTC_a7610.dir/src.cxx.o
/usr/local/bin/c++    -DHAS_WNO_unused-variable   -Wno-unused-variable -std=gnu++17 -o CMakeFiles/cmTC_a7610.dir/src.cxx.o -c /home/hexiang/also/build/CMakeFiles/CMakeTmp/src.cxx
<command-line>: warning: ISO C++11 requires whitespace after the macro name
Linking CXX executable cmTC_a7610
/opt/cmake-3.12.2/bin/cmake -E cmake_link_script CMakeFiles/cmTC_a7610.dir/link.txt --verbose=1
/usr/local/bin/c++   -DHAS_WNO_unused-variable    CMakeFiles/cmTC_a7610.dir/src.cxx.o  -o cmTC_a7610 
make[1]: Leaving directory '/home/hexiang/also/build/CMakeFiles/CMakeTmp'

Source file was:
int main() { return 0; }
Performing C++ SOURCE FILE Test HAS_WNO_unused-but-set-parameter succeeded with the following output:
Change Dir: /home/hexiang/also/build/CMakeFiles/CMakeTmp

Run Build Command:"/usr/bin/make" "cmTC_1e298/fast"
/usr/bin/make -f CMakeFiles/cmTC_1e298.dir/build.make CMakeFiles/cmTC_1e298.dir/build
make[1]: Entering directory '/home/hexiang/also/build/CMakeFiles/CMakeTmp'
Building CXX object CMakeFiles/cmTC_1e298.dir/src.cxx.o
/usr/local/bin/c++    -DHAS_WNO_unused-but-set-parameter   -Wno-unused-but-set-parameter -std=gnu++17 -o CMakeFiles/cmTC_1e298.dir/src.cxx.o -c /home/hexiang/also/build/CMakeFiles/CMakeTmp/src.cxx
<command-line>: warning: ISO C++11 requires whitespace after the macro name
Linking CXX executable cmTC_1e298
/opt/cmake-3.12.2/bin/cmake -E cmake_link_script CMakeFiles/cmTC_1e298.dir/link.txt --verbose=1
/usr/local/bin/c++   -DHAS_WNO_unused-but-set-parameter    CMakeFiles/cmTC_1e298.dir/src.cxx.o  -o cmTC_1e298 
make[1]: Leaving directory '/home/hexiang/also/build/CMakeFiles/CMakeTmp'

Source file was:
int main() { return 0; }
Performing C++ SOURCE FILE Test HAS_WNO_cast-function-type succeeded with the following output:
Change Dir: /home/hexiang/also/build/CMakeFiles/CMakeTmp

Run Build Command:"/usr/bin/make" "cmTC_10172/fast"
/usr/bin/make -f CMakeFiles/cmTC_10172.dir/build.make CMakeFiles/cmTC_10172.dir/build
make[1]: Entering directory '/home/hexiang/also/build/CMakeFiles/CMakeTmp'
Building CXX object CMakeFiles/cmTC_10172.dir/src.cxx.o
/usr/local/bin/c++    -DHAS_WNO_cast-function-type   -Wno-cast-function-type -std=gnu++17 -o CMakeFiles/cmTC_10172.dir/src.cxx.o -c /home/hexiang/also/build/CMakeFiles/CMakeTmp/src.cxx
<command-line>: warning: ISO C++11 requires whitespace after the macro name
Linking CXX executable cmTC_10172
/opt/cmake-3.12.2/bin/cmake -E cmake_link_script CMakeFiles/cmTC_10172.dir/link.txt --verbose=1
/usr/local/bin/c++   -DHAS_WNO_cast-function-type    CMakeFiles/cmTC_10172.dir/src.cxx.o  -o cmTC_10172 
make[1]: Leaving directory '/home/hexiang/also/build/CMakeFiles/CMakeTmp'

Source file was:
int main() { return 0; }
Performing C++ SOURCE FILE Test READLINE_WORKS succeeded with the following output:
Change Dir: /home/hexiang/also/build/CMakeFiles/CMakeTmp

Run Build Command:"/usr/bin/make" "cmTC_68ded/fast"
/usr/bin/make -f CMakeFiles/cmTC_68ded.dir/build.make CMakeFiles/cmTC_68ded.dir/build
make[1]: Entering directory '/home/hexiang/also/build/CMakeFiles/CMakeTmp'
Building CXX object CMakeFiles/cmTC_68ded.dir/src.cxx.o
/usr/local/bin/c++    -Wall -DREADLINE_WORKS   -o CMakeFiles/cmTC_68ded.dir/src.cxx.o -c /home/hexiang/also/build/CMakeFiles/CMakeTmp/src.cxx
Linking CXX executable cmTC_68ded
/opt/cmake-3.12.2/bin/cmake -E cmake_link_script CMakeFiles/cmTC_68ded.dir/link.txt --verbose=1
/usr/local/bin/c++   -Wall -DREADLINE_WORKS    -rdynamic CMakeFiles/cmTC_68ded.dir/src.cxx.o  -o cmTC_68ded -lreadline 
make[1]: Leaving directory '/home/hexiang/also/build/CMakeFiles/CMakeTmp'

Return value: 1
Source file was:

#include <stdio.h>
#include <readline/readline.h>
void foo() { readline("foo"); }
int main() { return 0; }

Performing C++ SOURCE FILE Test HAS_NO_UNNEEDED_INTERNAL_DECLARATION succeeded with the following output:
Change Dir: /home/hexiang/also/build/CMakeFiles/CMakeTmp

Run Build Command:"/usr/bin/make" "cmTC_081ef/fast"
/usr/bin/make -f CMakeFiles/cmTC_081ef.dir/build.make CMakeFiles/cmTC_081ef.dir/build
make[1]: Entering directory '/home/hexiang/also/build/CMakeFiles/CMakeTmp'
Building CXX object CMakeFiles/cmTC_081ef.dir/src.cxx.o
/usr/local/bin/c++    -Wall -DHAS_NO_UNNEEDED_INTERNAL_DECLARATION   -Wno-unneeded-internal-declaration -std=gnu++14 -o CMakeFiles/cmTC_081ef.dir/src.cxx.o -c /home/hexiang/also/build/CMakeFiles/CMakeTmp/src.cxx
Linking CXX executable cmTC_081ef
/opt/cmake-3.12.2/bin/cmake -E cmake_link_script CMakeFiles/cmTC_081ef.dir/link.txt --verbose=1
/usr/local/bin/c++   -Wall -DHAS_NO_UNNEEDED_INTERNAL_DECLARATION    CMakeFiles/cmTC_081ef.dir/src.cxx.o  -o cmTC_081ef 
make[1]: Leaving directory '/home/hexiang/also/build/CMakeFiles/CMakeTmp'

Source file was:
int main() { return 0; }
Determining if the include file pthread.h exists passed with the following output:
Change Dir: /home/hexiang/also/build/CMakeFiles/CMakeTmp

Run Build Command:"/usr/bin/make" "cmTC_a298b/fast"
/usr/bin/make -f CMakeFiles/cmTC_a298b.dir/build.make CMakeFiles/cmTC_a298b.dir/build
make[1]: Entering directory '/home/hexiang/also/build/CMakeFiles/CMakeTmp'
Building CXX object CMakeFiles/cmTC_a298b.dir/CheckIncludeFile.cxx.o
/usr/local/bin/c++    -std=gnu++17 -o CMakeFiles/cmTC_a298b.dir/CheckIncludeFile.cxx.o -c /home/hexiang/also/build/CMakeFiles/CMakeTmp/CheckIncludeFile.cxx
Linking CXX executable cmTC_a298b
/opt/cmake-3.12.2/bin/cmake -E cmake_link_script CMakeFiles/cmTC_a298b.dir/link.txt --verbose=1
/usr/local/bin/c++       CMakeFiles/cmTC_a298b.dir/CheckIncludeFile.cxx.o  -o cmTC_a298b 
make[1]: Leaving directory '/home/hexiang/also/build/CMakeFiles/CMakeTmp'


